#-----------------------------------------------------------
# Vivado v2019.1 (64-bit)
# SW Build 2552052 on Fri May 24 14:49:42 MDT 2019
# IP Build 2548770 on Fri May 24 18:01:18 MDT 2019
# Start of session at: Sat Oct 22 21:31:30 2022
# Process ID: 38448
# Current directory: C:/Users/Dadingdang/Xilinx Project/ES_design
# Command line: vivado.exe -gui_launcher_event rodinguilauncherevent40384 C:\Users\Dadingdang\Xilinx Project\ES_design\ES_design.xpr
# Log file: C:/Users/Dadingdang/Xilinx Project/ES_design/vivado.log
# Journal file: C:/Users/Dadingdang/Xilinx Project/ES_design\vivado.jou
#-----------------------------------------------------------
start_gui
open_project {C:/Users/Dadingdang/Xilinx Project/ES_design/ES_design.xpr}
Scanning sources...
Finished scanning sources
INFO: [IP_Flow 19-234] Refreshing IP repositories
INFO: [IP_Flow 19-1704] No user IP repositories specified
INFO: [IP_Flow 19-2313] Loaded Vivado IP repository 'D:/Xilinx/Vivado/2019.1/data/ip'.
update_compile_order -fileset sources_1
WARNING: [IP_Flow 19-4067] Ignoring invalid widget type specified checkbox.Providing a default widget
WARNING: [IP_Flow 19-4067] Ignoring invalid widget type specified checkbox.Providing a default widget
INFO: [IP_Flow 19-3484] Absolute path of file 'c:/Users/Dadingdang/Xilinx Project/ES_design/ES_design.srcs/sources_1/ip/sin.coe' provided. It will be converted relative to IP Instance files '../../../../ES_design.srcs/sources_1/ip/sin.coe'
INFO: [IP_Flow 19-3484] Absolute path of file 'c:/Users/Dadingdang/Xilinx Project/ES_design/ES_design.srcs/sources_1/ip/sin.coe' provided. It will be converted relative to IP Instance files '../../../../ES_design.srcs/sources_1/ip/sin.coe'
create_ip -name blk_mem_gen -vendor xilinx.com -library ip -version 8.4 -module_name blk_sin -dir {c:/Users/Dadingdang/Xilinx Project/ES_design/ES_design.srcs/sources_1/ip}
set_property -dict [list CONFIG.Component_Name {blk_sin} CONFIG.Write_Width_A {8} CONFIG.Write_Depth_A {256} CONFIG.Read_Width_A {8} CONFIG.Enable_A {Always_Enabled} CONFIG.Write_Width_B {8} CONFIG.Read_Width_B {8} CONFIG.Load_Init_File {true} CONFIG.Coe_File {c:/Users/Dadingdang/Xilinx Project/ES_design/ES_design.srcs/sources_1/ip/sin.coe}] [get_ips blk_sin]
WARNING: [Vivado 12-3523] Attempt to change 'Component_Name' from 'blk_sin' to 'blk_sin' is not allowed and is ignored.
INFO: [IP_Flow 19-3484] Absolute path of file 'c:/Users/Dadingdang/Xilinx Project/ES_design/ES_design.srcs/sources_1/ip/sin.coe' provided. It will be converted relative to IP Instance files '../sin.coe'
generate_target {instantiation_template} [get_files {{c:/Users/Dadingdang/Xilinx Project/ES_design/ES_design.srcs/sources_1/ip/blk_sin/blk_sin.xci}}]
INFO: [IP_Flow 19-1686] Generating 'Instantiation Template' target for IP 'blk_sin'...
update_compile_order -fileset sources_1
generate_target all [get_files  {{c:/Users/Dadingdang/Xilinx Project/ES_design/ES_design.srcs/sources_1/ip/blk_sin/blk_sin.xci}}]
INFO: [IP_Flow 19-1686] Generating 'Synthesis' target for IP 'blk_sin'...
INFO: [IP_Flow 19-1686] Generating 'Simulation' target for IP 'blk_sin'...
INFO: [IP_Flow 19-1686] Generating 'Miscellaneous' target for IP 'blk_sin'...
INFO: [IP_Flow 19-1686] Generating 'Change Log' target for IP 'blk_sin'...
catch { config_ip_cache -export [get_ips -all blk_sin] }
export_ip_user_files -of_objects [get_files {{c:/Users/Dadingdang/Xilinx Project/ES_design/ES_design.srcs/sources_1/ip/blk_sin/blk_sin.xci}}] -no_script -sync -force -quiet
create_ip_run [get_files -of_objects [get_fileset sources_1] {{c:/Users/Dadingdang/Xilinx Project/ES_design/ES_design.srcs/sources_1/ip/blk_sin/blk_sin.xci}}]
launch_runs -jobs 8 blk_sin_synth_1
[Sat Oct 22 21:38:52 2022] Launched blk_sin_synth_1...
Run output will be captured here: C:/Users/Dadingdang/Xilinx Project/ES_design/ES_design.runs/blk_sin_synth_1/runme.log
export_simulation -of_objects [get_files {{c:/Users/Dadingdang/Xilinx Project/ES_design/ES_design.srcs/sources_1/ip/blk_sin/blk_sin.xci}}] -directory {C:/Users/Dadingdang/Xilinx Project/ES_design/ES_design.ip_user_files/sim_scripts} -ip_user_files_dir {C:/Users/Dadingdang/Xilinx Project/ES_design/ES_design.ip_user_files} -ipstatic_source_dir {C:/Users/Dadingdang/Xilinx Project/ES_design/ES_design.ip_user_files/ipstatic} -lib_map_path [list {modelsim=C:/Users/Dadingdang/Xilinx Project/ES_design/ES_design.cache/compile_simlib/modelsim} {questa=C:/Users/Dadingdang/Xilinx Project/ES_design/ES_design.cache/compile_simlib/questa} {riviera=C:/Users/Dadingdang/Xilinx Project/ES_design/ES_design.cache/compile_simlib/riviera} {activehdl=C:/Users/Dadingdang/Xilinx Project/ES_design/ES_design.cache/compile_simlib/activehdl}] -use_ip_compiled_libs -force -quiet
WARNING: [IP_Flow 19-4067] Ignoring invalid widget type specified checkbox.Providing a default widget
WARNING: [IP_Flow 19-4067] Ignoring invalid widget type specified checkbox.Providing a default widget
WARNING: [IP_Flow 19-4067] Ignoring invalid widget type specified checkbox.Providing a default widget
WARNING: [IP_Flow 19-4067] Ignoring invalid widget type specified checkbox.Providing a default widget
WARNING: [IP_Flow 19-4067] Ignoring invalid widget type specified checkbox.Providing a default widget
WARNING: [IP_Flow 19-4067] Ignoring invalid widget type specified checkbox.Providing a default widget
launch_simulation
INFO: [Vivado 12-5698] Checking validity of IPs in the design for the 'XSim' simulator...
INFO: [Vivado 12-5682] Launching behavioral simulation in 'C:/Users/Dadingdang/Xilinx Project/ES_design/ES_design.sim/sim_1/behav/xsim'
INFO: [Vivado 12-4795] Using compiled simulation libraries for IPs
INFO: [SIM-utils-51] Simulation object is 'sim_1'
INFO: [USF-XSim-7] Finding pre-compiled libraries...
INFO: [USF-XSim-11] File 'D:/Xilinx/Vivado/2019.1/data/xsim/xsim.ini' copied to run dir:'C:/Users/Dadingdang/Xilinx Project/ES_design/ES_design.sim/sim_1/behav/xsim'
INFO: [SIM-utils-54] Inspecting design source files for 'fp_sim' in fileset 'sim_1'...
INFO: [SIM-utils-43] Exported 'C:/Users/Dadingdang/Xilinx Project/ES_design/ES_design.sim/sim_1/behav/xsim/sin.coe'
INFO: [SIM-utils-43] Exported 'C:/Users/Dadingdang/Xilinx Project/ES_design/ES_design.sim/sim_1/behav/xsim/blk_sin.mif'
INFO: [USF-XSim-97] Finding global include files...
INFO: [USF-XSim-98] Fetching design files from 'sim_1'...
INFO: [USF-XSim-2] XSim::Compile design
INFO: [USF-XSim-61] Executing 'COMPILE and ANALYZE' step in 'C:/Users/Dadingdang/Xilinx Project/ES_design/ES_design.sim/sim_1/behav/xsim'
"xvlog --incr --relax -prj fp_sim_vlog.prj"
INFO: [VRFC 10-2263] Analyzing Verilog file "C:/Users/Dadingdang/Xilinx Project/ES_design/ES_design.srcs/sources_1/ip/blk_sin/sim/blk_sin.v" into library xil_defaultlib
INFO: [VRFC 10-311] analyzing module blk_sin
INFO: [VRFC 10-2263] Analyzing Verilog file "C:/Users/Dadingdang/Xilinx Project/ES_design/ES_design.srcs/sources_1/new/Digit_LED.v" into library xil_defaultlib
INFO: [VRFC 10-311] analyzing module Digit_LED
INFO: [VRFC 10-2263] Analyzing Verilog file "C:/Users/Dadingdang/Xilinx Project/ES_design/ES_design.srcs/sources_1/new/freq_div.v" into library xil_defaultlib
INFO: [VRFC 10-311] analyzing module freq_div
INFO: [VRFC 10-2263] Analyzing Verilog file "C:/Users/Dadingdang/Xilinx Project/ES_design/ES_design.srcs/sources_1/new/main_progress.v" into library xil_defaultlib
INFO: [VRFC 10-311] analyzing module main_progress
INFO: [VRFC 10-2263] Analyzing Verilog file "C:/Users/Dadingdang/Xilinx Project/ES_design/ES_design.srcs/sources_1/new/measure.v" into library xil_defaultlib
INFO: [VRFC 10-311] analyzing module measure
INFO: [VRFC 10-2263] Analyzing Verilog file "C:/Users/Dadingdang/Xilinx Project/ES_design/ES_design.srcs/sources_1/new/sin.v" into library xil_defaultlib
INFO: [VRFC 10-311] analyzing module sin
INFO: [VRFC 10-2263] Analyzing Verilog file "C:/Users/Dadingdang/Xilinx Project/ES_design/ES_design.srcs/sources_1/new/two2ten.v" into library xil_defaultlib
INFO: [VRFC 10-311] analyzing module freq_set2display
INFO: [VRFC 10-2263] Analyzing Verilog file "C:/Users/Dadingdang/Xilinx Project/ES_design/ES_design.srcs/sim_1/new/freq_devision_sim.v" into library xil_defaultlib
INFO: [VRFC 10-311] analyzing module fp_sim
"xvhdl --incr --relax -prj fp_sim_vhdl.prj"
INFO: [USF-XSim-69] 'compile' step finished in '4' seconds
INFO: [USF-XSim-3] XSim::Elaborate design
INFO: [USF-XSim-61] Executing 'ELABORATE' step in 'C:/Users/Dadingdang/Xilinx Project/ES_design/ES_design.sim/sim_1/behav/xsim'
"xelab -wto f40dafe96c604580b5b5e2d9b7d07378 --incr --debug typical --relax --mt 2 -L xbip_utils_v3_0_10 -L axi_utils_v2_0_6 -L xbip_pipe_v3_0_6 -L xbip_dsp48_wrapper_v3_0_4 -L xbip_dsp48_addsub_v3_0_6 -L xbip_bram18k_v3_0_6 -L mult_gen_v12_0_15 -L floating_point_v7_0_16 -L xbip_dsp48_mult_v3_0_6 -L xbip_dsp48_multadd_v3_0_6 -L div_gen_v5_1_15 -L xil_defaultlib -L blk_mem_gen_v8_4_3 -L unisims_ver -L unimacro_ver -L secureip -L xpm --snapshot fp_sim_behav xil_defaultlib.fp_sim xil_defaultlib.glbl -log elaborate.log"
Vivado Simulator 2019.1
Copyright 1986-1999, 2001-2019 Xilinx, Inc. All Rights Reserved.
Running: D:/Xilinx/Vivado/2019.1/bin/unwrapped/win64.o/xelab.exe -wto f40dafe96c604580b5b5e2d9b7d07378 --incr --debug typical --relax --mt 2 -L xbip_utils_v3_0_10 -L axi_utils_v2_0_6 -L xbip_pipe_v3_0_6 -L xbip_dsp48_wrapper_v3_0_4 -L xbip_dsp48_addsub_v3_0_6 -L xbip_bram18k_v3_0_6 -L mult_gen_v12_0_15 -L floating_point_v7_0_16 -L xbip_dsp48_mult_v3_0_6 -L xbip_dsp48_multadd_v3_0_6 -L div_gen_v5_1_15 -L xil_defaultlib -L blk_mem_gen_v8_4_3 -L unisims_ver -L unimacro_ver -L secureip -L xpm --snapshot fp_sim_behav xil_defaultlib.fp_sim xil_defaultlib.glbl -log elaborate.log 
Using 2 slave threads.
Starting static elaboration
Completed static elaboration
Starting simulation data flow analysis
Completed simulation data flow analysis
Time Resolution for simulation is 1ps
Compiling package std.standard
Compiling package std.textio
Compiling package ieee.std_logic_1164
Compiling package ieee.numeric_std
Compiling package xbip_utils_v3_0_10.xbip_utils_v3_0_10_pkg
Compiling package div_gen_v5_1_15.div_gen_v5_1_15_viv_comp
Compiling package xbip_pipe_v3_0_6.xbip_pipe_v3_0_6_viv_comp
Compiling package axi_utils_v2_0_6.axi_utils_v2_0_6_pkg
Compiling package ieee.math_real
Compiling package axi_utils_v2_0_6.global_util_pkg
Compiling package axi_utils_v2_0_6.axi_utils_comps
Compiling package ieee.std_logic_arith
Compiling package ieee.std_logic_unsigned
Compiling package xbip_bram18k_v3_0_6.xbip_bram18k_v3_0_6_pkg
Compiling package div_gen_v5_1_15.div_gen_pkg
Compiling package ieee.std_logic_signed
Compiling package unisim.vcomponents
Compiling package div_gen_v5_1_15.pkg_addsub
Compiling module xil_defaultlib.Digit_LED
Compiling module xil_defaultlib.freq_div
Compiling module xil_defaultlib.freq_set2display
Compiling architecture synth of entity div_gen_v5_1_15.c_twos_comp_viv [\c_twos_comp_viv(c_width=32,c_ai...]
Compiling architecture virtex of entity div_gen_v5_1_15.cmp2s_v [\cmp2s_v(c_bus_width=32,c_regist...]
Compiling architecture synth of entity div_gen_v5_1_15.c_twos_comp_viv [\c_twos_comp_viv(c_width=32,c_ai...]
Compiling architecture virtex of entity div_gen_v5_1_15.cmp2s_v [\cmp2s_v(c_bus_width=32,c_ainit_...]
Compiling architecture synth of entity xbip_pipe_v3_0_6.xbip_pipe_v3_0_6_viv [\xbip_pipe_v3_0_6_viv(c_latency=...]
Compiling architecture synth of entity xbip_pipe_v3_0_6.xbip_pipe_v3_0_6_viv [\xbip_pipe_v3_0_6_viv(c_latency=...]
Compiling architecture synth of entity xbip_pipe_v3_0_6.xbip_pipe_v3_0_6_viv [\xbip_pipe_v3_0_6_viv(c_latency=...]
Compiling architecture synth of entity xbip_pipe_v3_0_6.xbip_pipe_v3_0_6_viv [\xbip_pipe_v3_0_6_viv(c_latency=...]
Compiling architecture synth of entity xbip_pipe_v3_0_6.xbip_pipe_v3_0_6_viv [\xbip_pipe_v3_0_6_viv(c_latency=...]
Compiling architecture muxcy_v of entity unisim.MUXCY [muxcy_default]
Compiling architecture xorcy_v of entity unisim.XORCY [xorcy_default]
Compiling architecture rtl of entity div_gen_v5_1_15.c_addsub_lut6 [\c_addsub_lut6(c_width=33,c_add_...]
Compiling architecture synth of entity div_gen_v5_1_15.c_addsub_viv [\c_addsub_viv(c_a_width=33,c_b_w...]
Compiling architecture virtex of entity div_gen_v5_1_15.addsubreg_v [\addsubreg_v(c_bus_width=33,c_ai...]
Compiling architecture synth of entity xbip_pipe_v3_0_6.xbip_pipe_v3_0_6_viv [\xbip_pipe_v3_0_6_viv(c_latency=...]
Compiling architecture synth of entity xbip_pipe_v3_0_6.xbip_pipe_v3_0_6_viv [\xbip_pipe_v3_0_6_viv(c_latency=...]
Compiling architecture synth of entity xbip_pipe_v3_0_6.xbip_pipe_v3_0_6_viv [\xbip_pipe_v3_0_6_viv(c_latency=...]
Compiling architecture synth of entity xbip_pipe_v3_0_6.xbip_pipe_v3_0_6_viv [\xbip_pipe_v3_0_6_viv(c_latency=...]
Compiling architecture synth of entity xbip_pipe_v3_0_6.xbip_pipe_v3_0_6_viv [\xbip_pipe_v3_0_6_viv(c_latency=...]
Compiling architecture synth of entity xbip_pipe_v3_0_6.xbip_pipe_v3_0_6_viv [\xbip_pipe_v3_0_6_viv(c_latency=...]
Compiling architecture synth of entity xbip_pipe_v3_0_6.xbip_pipe_v3_0_6_viv [\xbip_pipe_v3_0_6_viv(c_latency=...]
Compiling architecture synth of entity xbip_pipe_v3_0_6.xbip_pipe_v3_0_6_viv [\xbip_pipe_v3_0_6_viv(c_latency=...]
Compiling architecture synth of entity xbip_pipe_v3_0_6.xbip_pipe_v3_0_6_viv [\xbip_pipe_v3_0_6_viv(c_latency=...]
Compiling architecture synth of entity xbip_pipe_v3_0_6.xbip_pipe_v3_0_6_viv [\xbip_pipe_v3_0_6_viv(c_latency=...]
Compiling architecture synth of entity xbip_pipe_v3_0_6.xbip_pipe_v3_0_6_viv [\xbip_pipe_v3_0_6_viv(c_latency=...]
Compiling architecture synth of entity xbip_pipe_v3_0_6.xbip_pipe_v3_0_6_viv [\xbip_pipe_v3_0_6_viv(c_latency=...]
Compiling architecture synth of entity xbip_pipe_v3_0_6.xbip_pipe_v3_0_6_viv [\xbip_pipe_v3_0_6_viv(c_latency=...]
Compiling architecture synth of entity xbip_pipe_v3_0_6.xbip_pipe_v3_0_6_viv [\xbip_pipe_v3_0_6_viv(c_latency=...]
Compiling architecture synth of entity xbip_pipe_v3_0_6.xbip_pipe_v3_0_6_viv [\xbip_pipe_v3_0_6_viv(c_latency=...]
Compiling architecture synth of entity xbip_pipe_v3_0_6.xbip_pipe_v3_0_6_viv [\xbip_pipe_v3_0_6_viv(c_latency=...]
Compiling architecture synth of entity xbip_pipe_v3_0_6.xbip_pipe_v3_0_6_viv [\xbip_pipe_v3_0_6_viv(c_latency=...]
Compiling architecture synth of entity xbip_pipe_v3_0_6.xbip_pipe_v3_0_6_viv [\xbip_pipe_v3_0_6_viv(c_latency=...]
Compiling architecture synth of entity xbip_pipe_v3_0_6.xbip_pipe_v3_0_6_viv [\xbip_pipe_v3_0_6_viv(c_latency=...]
Compiling architecture synth of entity xbip_pipe_v3_0_6.xbip_pipe_v3_0_6_viv [\xbip_pipe_v3_0_6_viv(c_latency=...]
Compiling architecture synth of entity xbip_pipe_v3_0_6.xbip_pipe_v3_0_6_viv [\xbip_pipe_v3_0_6_viv(c_latency=...]
Compiling architecture synth of entity xbip_pipe_v3_0_6.xbip_pipe_v3_0_6_viv [\xbip_pipe_v3_0_6_viv(c_latency=...]
Compiling architecture synth of entity xbip_pipe_v3_0_6.xbip_pipe_v3_0_6_viv [\xbip_pipe_v3_0_6_viv(c_latency=...]
Compiling architecture synth of entity xbip_pipe_v3_0_6.xbip_pipe_v3_0_6_viv [\xbip_pipe_v3_0_6_viv(c_latency=...]
Compiling architecture synth of entity xbip_pipe_v3_0_6.xbip_pipe_v3_0_6_viv [\xbip_pipe_v3_0_6_viv(c_latency=...]
Compiling architecture synth of entity xbip_pipe_v3_0_6.xbip_pipe_v3_0_6_viv [\xbip_pipe_v3_0_6_viv(c_latency=...]
Compiling architecture synth of entity xbip_pipe_v3_0_6.xbip_pipe_v3_0_6_viv [\xbip_pipe_v3_0_6_viv(c_latency=...]
Compiling architecture synth of entity xbip_pipe_v3_0_6.xbip_pipe_v3_0_6_viv [\xbip_pipe_v3_0_6_viv(c_latency=...]
Compiling architecture synth of entity xbip_pipe_v3_0_6.xbip_pipe_v3_0_6_viv [\xbip_pipe_v3_0_6_viv(c_latency=...]
Compiling architecture synth of entity xbip_pipe_v3_0_6.xbip_pipe_v3_0_6_viv [\xbip_pipe_v3_0_6_viv(c_latency=...]
Compiling architecture synth of entity xbip_pipe_v3_0_6.xbip_pipe_v3_0_6_viv [\xbip_pipe_v3_0_6_viv(c_latency=...]
Compiling architecture synth of entity xbip_pipe_v3_0_6.xbip_pipe_v3_0_6_viv [\xbip_pipe_v3_0_6_viv(c_latency=...]
Compiling architecture synth of entity xbip_pipe_v3_0_6.xbip_pipe_v3_0_6_viv [\xbip_pipe_v3_0_6_viv(c_latency=...]
Compiling architecture synth of entity xbip_pipe_v3_0_6.xbip_pipe_v3_0_6_viv [\xbip_pipe_v3_0_6_viv(c_latency=...]
Compiling architecture synth of entity xbip_pipe_v3_0_6.xbip_pipe_v3_0_6_viv [\xbip_pipe_v3_0_6_viv(c_latency=...]
Compiling architecture synth of entity xbip_pipe_v3_0_6.xbip_pipe_v3_0_6_viv [\xbip_pipe_v3_0_6_viv(c_latency=...]
Compiling architecture synth of entity xbip_pipe_v3_0_6.xbip_pipe_v3_0_6_viv [\xbip_pipe_v3_0_6_viv(c_latency=...]
Compiling architecture synth of entity xbip_pipe_v3_0_6.xbip_pipe_v3_0_6_viv [\xbip_pipe_v3_0_6_viv(c_latency=...]
Compiling architecture synth of entity xbip_pipe_v3_0_6.xbip_pipe_v3_0_6_viv [\xbip_pipe_v3_0_6_viv(c_latency=...]
Compiling architecture synth of entity xbip_pipe_v3_0_6.xbip_pipe_v3_0_6_viv [\xbip_pipe_v3_0_6_viv(c_latency=...]
Compiling architecture synth of entity xbip_pipe_v3_0_6.xbip_pipe_v3_0_6_viv [\xbip_pipe_v3_0_6_viv(c_latency=...]
Compiling architecture synth of entity xbip_pipe_v3_0_6.xbip_pipe_v3_0_6_viv [\xbip_pipe_v3_0_6_viv(c_latency=...]
Compiling architecture synth of entity xbip_pipe_v3_0_6.xbip_pipe_v3_0_6_viv [\xbip_pipe_v3_0_6_viv(c_latency=...]
Compiling architecture synth of entity xbip_pipe_v3_0_6.xbip_pipe_v3_0_6_viv [\xbip_pipe_v3_0_6_viv(c_latency=...]
Compiling architecture synth of entity xbip_pipe_v3_0_6.xbip_pipe_v3_0_6_viv [\xbip_pipe_v3_0_6_viv(c_latency=...]
Compiling architecture synth of entity xbip_pipe_v3_0_6.xbip_pipe_v3_0_6_viv [\xbip_pipe_v3_0_6_viv(c_latency=...]
Compiling architecture synth of entity xbip_pipe_v3_0_6.xbip_pipe_v3_0_6_viv [\xbip_pipe_v3_0_6_viv(c_latency=...]
Compiling architecture synth of entity xbip_pipe_v3_0_6.xbip_pipe_v3_0_6_viv [\xbip_pipe_v3_0_6_viv(c_latency=...]
Compiling architecture synth of entity xbip_pipe_v3_0_6.xbip_pipe_v3_0_6_viv [\xbip_pipe_v3_0_6_viv(c_latency=...]
Compiling architecture synth of entity xbip_pipe_v3_0_6.xbip_pipe_v3_0_6_viv [\xbip_pipe_v3_0_6_viv(c_latency=...]
Compiling architecture synth of entity xbip_pipe_v3_0_6.xbip_pipe_v3_0_6_viv [\xbip_pipe_v3_0_6_viv(c_latency=...]
Compiling architecture synth of entity xbip_pipe_v3_0_6.xbip_pipe_v3_0_6_viv [\xbip_pipe_v3_0_6_viv(c_latency=...]
Compiling architecture synth of entity xbip_pipe_v3_0_6.xbip_pipe_v3_0_6_viv [\xbip_pipe_v3_0_6_viv(c_latency=...]
Compiling architecture synth of entity xbip_pipe_v3_0_6.xbip_pipe_v3_0_6_viv [\xbip_pipe_v3_0_6_viv(c_latency=...]
Compiling architecture synth of entity xbip_pipe_v3_0_6.xbip_pipe_v3_0_6_viv [\xbip_pipe_v3_0_6_viv(c_latency=...]
Compiling architecture synth of entity xbip_pipe_v3_0_6.xbip_pipe_v3_0_6_viv [\xbip_pipe_v3_0_6_viv(c_latency=...]
Compiling architecture synth of entity xbip_pipe_v3_0_6.xbip_pipe_v3_0_6_viv [\xbip_pipe_v3_0_6_viv(c_latency=...]
Compiling architecture synth of entity xbip_pipe_v3_0_6.xbip_pipe_v3_0_6_viv [\xbip_pipe_v3_0_6_viv(c_latency=...]
Compiling architecture synth of entity xbip_pipe_v3_0_6.xbip_pipe_v3_0_6_viv [\xbip_pipe_v3_0_6_viv(c_latency=...]
Compiling architecture synth of entity xbip_pipe_v3_0_6.xbip_pipe_v3_0_6_viv [\xbip_pipe_v3_0_6_viv(c_latency=...]
Compiling architecture synth of entity xbip_pipe_v3_0_6.xbip_pipe_v3_0_6_viv [\xbip_pipe_v3_0_6_viv(c_latency=...]
Compiling architecture synth of entity xbip_pipe_v3_0_6.xbip_pipe_v3_0_6_viv [\xbip_pipe_v3_0_6_viv(c_latency=...]
Compiling architecture rtl of entity div_gen_v5_1_15.c_addsub_lut6 [\c_addsub_lut6(c_width=33,c_add_...]
Compiling architecture synth of entity div_gen_v5_1_15.c_addsub_viv [\c_addsub_viv(c_a_width=33,c_b_w...]
Compiling architecture virtex of entity div_gen_v5_1_15.addsubreg_v [\addsubreg_v(c_bus_width=33,c_ha...]
Compiling architecture virtex of entity div_gen_v5_1_15.dividervdc_v [\dividervdc_v(bus_num=32,bus_div...]
Compiling architecture synth of entity div_gen_v5_1_15.c_twos_comp_viv [\c_twos_comp_viv(c_width=33,c_ai...]
Compiling architecture virtex of entity div_gen_v5_1_15.cmp2s_v [\cmp2s_v(c_bus_width=33,c_regist...]
Compiling architecture synth of entity div_gen_v5_1_15.bip_sdivider_synth [\bip_sdivider_synth(c_xdevicefam...]
Compiling architecture synth of entity div_gen_v5_1_15.div_gen_synth [\div_gen_synth(c_xdevicefamily="...]
Compiling architecture synth of entity xbip_pipe_v3_0_6.xbip_pipe_v3_0_6_viv [\xbip_pipe_v3_0_6_viv(c_latency=...]
Compiling architecture synth of entity div_gen_v5_1_15.div_gen_v5_1_15_viv [\div_gen_v5_1_15_viv(c_xdevicefa...]
Compiling architecture xilinx of entity div_gen_v5_1_15.div_gen_v5_1_15 [\div_gen_v5_1_15(c_xdevicefamily...]
Compiling architecture div_gen_0_arch of entity xil_defaultlib.div_gen_0 [div_gen_0_default]
Compiling module blk_mem_gen_v8_4_3.blk_mem_gen_v8_4_3_output_stage(...
Compiling module blk_mem_gen_v8_4_3.blk_mem_gen_v8_4_3_output_stage(...
Compiling module blk_mem_gen_v8_4_3.blk_mem_gen_v8_4_3_softecc_outpu...
Compiling module blk_mem_gen_v8_4_3.blk_mem_gen_v8_4_3_mem_module(C_...
Compiling module blk_mem_gen_v8_4_3.blk_mem_gen_v8_4_3(C_FAMILY="art...
Compiling module xil_defaultlib.blk_sin
Compiling module xil_defaultlib.sin
Compiling module xil_defaultlib.measure
Compiling module xil_defaultlib.main_progress
Compiling module xil_defaultlib.fp_sim
Compiling module xil_defaultlib.glbl
Built simulation snapshot fp_sim_behav
run_program: Time (s): cpu = 00:00:01 ; elapsed = 00:00:12 . Memory (MB): peak = 892.945 ; gain = 0.000
INFO: [USF-XSim-69] 'elaborate' step finished in '12' seconds
INFO: [USF-XSim-4] XSim::Simulate design
INFO: [USF-XSim-61] Executing 'SIMULATE' step in 'C:/Users/Dadingdang/Xilinx Project/ES_design/ES_design.sim/sim_1/behav/xsim'
INFO: [USF-XSim-98] *** Running xsim
   with args "fp_sim_behav -key {Behavioral:sim_1:Functional:fp_sim} -tclbatch {fp_sim.tcl} -log {simulate.log}"
INFO: [USF-XSim-8] Loading simulator feature
Vivado Simulator 2019.1
Time resolution is 1 ps
source fp_sim.tcl
# set curr_wave [current_wave_config]
# if { [string length $curr_wave] == 0 } {
#   if { [llength [get_objects]] > 0} {
#     add_wave /
#     set_property needs_save false [current_wave_config]
#   } else {
#      send_msg_id Add_Wave-1 WARNING "No top level signals found. Simulator will start without a wave window. If you want to open a wave window go to 'File->New Waveform Configuration' or type 'create_wave_config' in the TCL console."
#   }
# }
# run 1000ns
 Block Memory Generator module loading initial data...
 Block Memory Generator data initialization complete.
Block Memory Generator module fp_sim.u_main.sin0.rom_sin.inst.native_mem_module.blk_mem_gen_v8_4_3_inst is using a behavioral model for simulation which will not precisely model memory collision behavior.
INFO: [USF-XSim-96] XSim completed. Design snapshot 'fp_sim_behav' loaded.
INFO: [USF-XSim-97] XSim simulation ran for 1000ns
launch_simulation: Time (s): cpu = 00:00:07 ; elapsed = 00:00:20 . Memory (MB): peak = 973.977 ; gain = 81.031
restart
INFO: [Simtcl 6-17] Simulation restarted
restart: Time (s): cpu = 00:00:06 ; elapsed = 00:00:05 . Memory (MB): peak = 982.105 ; gain = 0.000
run 10 us
 Block Memory Generator module loading initial data...
 Block Memory Generator data initialization complete.
Block Memory Generator module fp_sim.u_main.sin0.rom_sin.inst.native_mem_module.blk_mem_gen_v8_4_3_inst is using a behavioral model for simulation which will not precisely model memory collision behavior.
close_sim
INFO: [Simtcl 6-16] Simulation closed
reset_run synth_1
launch_runs synth_1 -jobs 8
[Sat Oct 22 21:52:19 2022] Launched synth_1...
Run output will be captured here: C:/Users/Dadingdang/Xilinx Project/ES_design/ES_design.runs/synth_1/runme.log
launch_runs impl_1 -jobs 8
[Sat Oct 22 22:13:07 2022] Launched impl_1...
Run output will be captured here: C:/Users/Dadingdang/Xilinx Project/ES_design/ES_design.runs/impl_1/runme.log
INFO: [Device 21-403] Loading part xc7a35tcsg324-1
create_ip -name xadc_wiz -vendor xilinx.com -library ip -version 3.3 -module_name xadc_wiz_0 -dir {c:/Users/Dadingdang/Xilinx Project/ES_design/ES_design.srcs/sources_1/ip}
set_property -dict [list CONFIG.INTERFACE_SELECTION {ENABLE_DRP} CONFIG.TIMING_MODE {Continuous} CONFIG.ENABLE_RESET {true}] [get_ips xadc_wiz_0]
generate_target {instantiation_template} [get_files {{c:/Users/Dadingdang/Xilinx Project/ES_design/ES_design.srcs/sources_1/ip/xadc_wiz_0/xadc_wiz_0.xci}}]
INFO: [IP_Flow 19-1686] Generating 'Instantiation Template' target for IP 'xadc_wiz_0'...
generate_target all [get_files  {{c:/Users/Dadingdang/Xilinx Project/ES_design/ES_design.srcs/sources_1/ip/xadc_wiz_0/xadc_wiz_0.xci}}]
INFO: [IP_Flow 19-1686] Generating 'Synthesis' target for IP 'xadc_wiz_0'...
INFO: [IP_Flow 19-1686] Generating 'Simulation' target for IP 'xadc_wiz_0'...
INFO: [IP_Flow 19-1686] Generating 'Miscellaneous' target for IP 'xadc_wiz_0'...
INFO: [IP_Flow 19-1686] Generating 'Change Log' target for IP 'xadc_wiz_0'...
catch { config_ip_cache -export [get_ips -all xadc_wiz_0] }
export_ip_user_files -of_objects [get_files {{c:/Users/Dadingdang/Xilinx Project/ES_design/ES_design.srcs/sources_1/ip/xadc_wiz_0/xadc_wiz_0.xci}}] -no_script -sync -force -quiet
create_ip_run [get_files -of_objects [get_fileset sources_1] {{c:/Users/Dadingdang/Xilinx Project/ES_design/ES_design.srcs/sources_1/ip/xadc_wiz_0/xadc_wiz_0.xci}}]
launch_runs -jobs 8 xadc_wiz_0_synth_1
[Sat Oct 22 22:17:50 2022] Launched xadc_wiz_0_synth_1...
Run output will be captured here: C:/Users/Dadingdang/Xilinx Project/ES_design/ES_design.runs/xadc_wiz_0_synth_1/runme.log
export_simulation -of_objects [get_files {{c:/Users/Dadingdang/Xilinx Project/ES_design/ES_design.srcs/sources_1/ip/xadc_wiz_0/xadc_wiz_0.xci}}] -directory {C:/Users/Dadingdang/Xilinx Project/ES_design/ES_design.ip_user_files/sim_scripts} -ip_user_files_dir {C:/Users/Dadingdang/Xilinx Project/ES_design/ES_design.ip_user_files} -ipstatic_source_dir {C:/Users/Dadingdang/Xilinx Project/ES_design/ES_design.ip_user_files/ipstatic} -lib_map_path [list {modelsim=C:/Users/Dadingdang/Xilinx Project/ES_design/ES_design.cache/compile_simlib/modelsim} {questa=C:/Users/Dadingdang/Xilinx Project/ES_design/ES_design.cache/compile_simlib/questa} {riviera=C:/Users/Dadingdang/Xilinx Project/ES_design/ES_design.cache/compile_simlib/riviera} {activehdl=C:/Users/Dadingdang/Xilinx Project/ES_design/ES_design.cache/compile_simlib/activehdl}] -use_ip_compiled_libs -force -quiet
set_property -dict [list CONFIG.INTERFACE_SELECTION {ENABLE_DRP} CONFIG.ENABLE_RESET {true}] [get_ips xadc_wiz_0]
reset_run synth_1
launch_runs synth_1 -jobs 16
[Sat Oct 22 22:45:41 2022] Launched synth_1...
Run output will be captured here: C:/Users/Dadingdang/Xilinx Project/ES_design/ES_design.runs/synth_1/runme.log
launch_runs impl_1 -jobs 16
[Sat Oct 22 22:46:26 2022] Launched impl_1...
Run output will be captured here: C:/Users/Dadingdang/Xilinx Project/ES_design/ES_design.runs/impl_1/runme.log
launch_runs impl_1 -to_step write_bitstream -jobs 16
[Sat Oct 22 22:48:09 2022] Launched impl_1...
Run output will be captured here: C:/Users/Dadingdang/Xilinx Project/ES_design/ES_design.runs/impl_1/runme.log
open_hw
connect_hw_server
INFO: [Labtools 27-2285] Connecting to hw_server url TCP:localhost:3121
INFO: [Labtools 27-2222] Launching hw_server...
INFO: [Labtools 27-2221] Launch Output:

****** Xilinx hw_server v2019.1
  **** Build date : May 24 2019 at 15:13:31
    ** Copyright 1986-2019 Xilinx, Inc. All Rights Reserved.


open_hw_target
INFO: [Labtoolstcl 44-466] Opening hw_target localhost:3121/xilinx_tcf/Xilinx/1234-tulA
set_property PROGRAM.FILE {C:/Users/Dadingdang/Xilinx Project/ES_design/ES_design.runs/impl_1/main_progress.bit} [get_hw_devices xc7a35t_0]
current_hw_device [get_hw_devices xc7a35t_0]
refresh_hw_device -update_hw_probes false [lindex [get_hw_devices xc7a35t_0] 0]
INFO: [Labtools 27-1434] Device xc7a35t (JTAG device index = 0) is programmed with a design that has no supported debug core(s) in it.
create_hw_cfgmem -hw_device [get_hw_devices xc7a35t_0] -mem_dev [lindex [get_cfgmem_parts {is25lp080d-spi-x1_x2_x4}] 0]
set_property PROBES.FILE {} [get_hw_devices xc7a35t_0]
set_property FULL_PROBES.FILE {} [get_hw_devices xc7a35t_0]
set_property PROGRAM.FILE {C:/Users/Dadingdang/Xilinx Project/ES_design/ES_design.runs/impl_1/main_progress.bit} [get_hw_devices xc7a35t_0]
program_hw_devices [get_hw_devices xc7a35t_0]
INFO: [Labtools 27-3164] End of startup status: HIGH
refresh_hw_device [lindex [get_hw_devices xc7a35t_0] 0]
INFO: [Labtools 27-1434] Device xc7a35t (JTAG device index = 0) is programmed with a design that has no supported debug core(s) in it.
ERROR: [Labtoolstcl 44-513] HW Target shutdown. Closing target: localhost:3121/xilinx_tcf/Xilinx/1234-tulA
close_hw
reset_run synth_1
launch_runs synth_1 -jobs 16
[Sat Oct 22 22:54:33 2022] Launched synth_1...
Run output will be captured here: C:/Users/Dadingdang/Xilinx Project/ES_design/ES_design.runs/synth_1/runme.log
launch_runs impl_1 -jobs 16
[Sat Oct 22 22:55:19 2022] Launched impl_1...
Run output will be captured here: C:/Users/Dadingdang/Xilinx Project/ES_design/ES_design.runs/impl_1/runme.log
launch_runs impl_1 -to_step write_bitstream -jobs 16
[Sat Oct 22 22:57:59 2022] Launched impl_1...
Run output will be captured here: C:/Users/Dadingdang/Xilinx Project/ES_design/ES_design.runs/impl_1/runme.log
open_hw
connect_hw_server
INFO: [Labtools 27-2285] Connecting to hw_server url TCP:localhost:3121
INFO: [Labtools 27-2222] Launching hw_server...
INFO: [Labtools 27-2221] Launch Output:

****** Xilinx hw_server v2019.1
  **** Build date : May 24 2019 at 15:13:31
    ** Copyright 1986-2019 Xilinx, Inc. All Rights Reserved.


open_hw_target
INFO: [Labtoolstcl 44-466] Opening hw_target localhost:3121/xilinx_tcf/Xilinx/1234-tulA
set_property PROGRAM.FILE {C:/Users/Dadingdang/Xilinx Project/ES_design/ES_design.runs/impl_1/main_progress.bit} [get_hw_devices xc7a35t_0]
current_hw_device [get_hw_devices xc7a35t_0]
refresh_hw_device -update_hw_probes false [lindex [get_hw_devices xc7a35t_0] 0]
INFO: [Labtools 27-1434] Device xc7a35t (JTAG device index = 0) is programmed with a design that has no supported debug core(s) in it.
create_hw_cfgmem -hw_device [get_hw_devices xc7a35t_0] -mem_dev [lindex [get_cfgmem_parts {is25lp080d-spi-x1_x2_x4}] 0]
set_property PROBES.FILE {} [get_hw_devices xc7a35t_0]
set_property FULL_PROBES.FILE {} [get_hw_devices xc7a35t_0]
set_property PROGRAM.FILE {C:/Users/Dadingdang/Xilinx Project/ES_design/ES_design.runs/impl_1/main_progress.bit} [get_hw_devices xc7a35t_0]
program_hw_devices [get_hw_devices xc7a35t_0]
INFO: [Labtools 27-3164] End of startup status: HIGH
refresh_hw_device [lindex [get_hw_devices xc7a35t_0] 0]
INFO: [Labtools 27-1434] Device xc7a35t (JTAG device index = 0) is programmed with a design that has no supported debug core(s) in it.
ERROR: [Labtoolstcl 44-513] HW Target shutdown. Closing target: localhost:3121/xilinx_tcf/Xilinx/1234-tulA
close_hw
set_property -dict [list CONFIG.XADC_STARUP_SELECTION {channel_sequencer} CONFIG.SEQUENCER_MODE {Continuous} CONFIG.EXTERNAL_MUX_CHANNEL {VP_VN} CONFIG.SINGLE_CHANNEL_SELECTION {TEMPERATURE} CONFIG.CHANNEL_ENABLE_VP_VN {true}] [get_ips xadc_wiz_0]
generate_target all [get_files  {{c:/Users/Dadingdang/Xilinx Project/ES_design/ES_design.srcs/sources_1/ip/xadc_wiz_0/xadc_wiz_0.xci}}]
INFO: [IP_Flow 19-1686] Generating 'Instantiation Template' target for IP 'xadc_wiz_0'...
INFO: [IP_Flow 19-1686] Generating 'Synthesis' target for IP 'xadc_wiz_0'...
INFO: [IP_Flow 19-1686] Generating 'Simulation' target for IP 'xadc_wiz_0'...
INFO: [IP_Flow 19-1686] Generating 'Miscellaneous' target for IP 'xadc_wiz_0'...
INFO: [IP_Flow 19-1686] Generating 'Change Log' target for IP 'xadc_wiz_0'...
catch { config_ip_cache -export [get_ips -all xadc_wiz_0] }
export_ip_user_files -of_objects [get_files {{c:/Users/Dadingdang/Xilinx Project/ES_design/ES_design.srcs/sources_1/ip/xadc_wiz_0/xadc_wiz_0.xci}}] -no_script -sync -force -quiet
reset_run xadc_wiz_0_synth_1
launch_runs -jobs 16 xadc_wiz_0_synth_1
[Sat Oct 22 23:02:08 2022] Launched xadc_wiz_0_synth_1...
Run output will be captured here: C:/Users/Dadingdang/Xilinx Project/ES_design/ES_design.runs/xadc_wiz_0_synth_1/runme.log
export_simulation -of_objects [get_files {{c:/Users/Dadingdang/Xilinx Project/ES_design/ES_design.srcs/sources_1/ip/xadc_wiz_0/xadc_wiz_0.xci}}] -directory {C:/Users/Dadingdang/Xilinx Project/ES_design/ES_design.ip_user_files/sim_scripts} -ip_user_files_dir {C:/Users/Dadingdang/Xilinx Project/ES_design/ES_design.ip_user_files} -ipstatic_source_dir {C:/Users/Dadingdang/Xilinx Project/ES_design/ES_design.ip_user_files/ipstatic} -lib_map_path [list {modelsim=C:/Users/Dadingdang/Xilinx Project/ES_design/ES_design.cache/compile_simlib/modelsim} {questa=C:/Users/Dadingdang/Xilinx Project/ES_design/ES_design.cache/compile_simlib/questa} {riviera=C:/Users/Dadingdang/Xilinx Project/ES_design/ES_design.cache/compile_simlib/riviera} {activehdl=C:/Users/Dadingdang/Xilinx Project/ES_design/ES_design.cache/compile_simlib/activehdl}] -use_ip_compiled_libs -force -quiet
