#-----------------------------------------------------------
# Vivado v2019.1 (64-bit)
# SW Build 2552052 on Fri May 24 14:49:42 MDT 2019
# IP Build 2548770 on Fri May 24 18:01:18 MDT 2019
# Start of session at: Mon Oct 24 21:48:40 2022
# Process ID: 38132
# Current directory: C:/Users/Dadingdang/Xilinx Project/ES_design
# Command line: vivado.exe -gui_launcher_event rodinguilauncherevent52184 C:\Users\Dadingdang\Xilinx Project\ES_design\ES_design.xpr
# Log file: C:/Users/Dadingdang/Xilinx Project/ES_design/vivado.log
# Journal file: C:/Users/Dadingdang/Xilinx Project/ES_design\vivado.jou
#-----------------------------------------------------------
start_gui
open_project {C:/Users/Dadingdang/Xilinx Project/ES_design/ES_design.xpr}
INFO: [Project 1-313] Project file moved from 'C:/Users/Surface/ES_design' since last save.
Scanning sources...
Finished scanning sources
INFO: [IP_Flow 19-234] Refreshing IP repositories
INFO: [IP_Flow 19-1704] No user IP repositories specified
INFO: [IP_Flow 19-2313] Loaded Vivado IP repository 'D:/Xilinx/Vivado/2019.1/data/ip'.
open_project: Time (s): cpu = 00:00:15 ; elapsed = 00:00:06 . Memory (MB): peak = 1010.438 ; gain = 111.793
update_compile_order -fileset sources_1
reset_run synth_1
launch_runs synth_1 -jobs 16
[Mon Oct 24 21:51:14 2022] Launched synth_1...
Run output will be captured here: C:/Users/Dadingdang/Xilinx Project/ES_design/ES_design.runs/synth_1/runme.log
launch_runs impl_1 -jobs 16
[Mon Oct 24 21:53:57 2022] Launched impl_1...
Run output will be captured here: C:/Users/Dadingdang/Xilinx Project/ES_design/ES_design.runs/impl_1/runme.log
open_run synth_1 -name synth_1
Design is defaulting to impl run constrset: constrs_1
Design is defaulting to synth run part: xc7a35tcsg324-1
INFO: [Device 21-403] Loading part xc7a35tcsg324-1
INFO: [Project 1-454] Reading design checkpoint 'c:/Users/Dadingdang/Xilinx Project/ES_design/ES_design.srcs/sources_1/ip/div_gen_0/div_gen_0.dcp' for cell 'div_gen_0'
INFO: [Project 1-454] Reading design checkpoint 'c:/Users/Dadingdang/Xilinx Project/ES_design/ES_design.srcs/sources_1/ip/xadc_wiz_0/xadc_wiz_0.dcp' for cell 'xadc_wiz'
INFO: [Project 1-454] Reading design checkpoint 'c:/Users/Dadingdang/Xilinx Project/ES_design/ES_design.srcs/sources_1/ip/blk_sin/blk_sin.dcp' for cell 'sin0/rom_sin'
INFO: [Netlist 29-17] Analyzing 793 Unisim elements for replacement
INFO: [Netlist 29-28] Unisim Transformation completed in 0 CPU seconds
INFO: [Project 1-479] Netlist was created with Vivado 2019.1
INFO: [Project 1-570] Preparing netlist for logic optimization
Parsing XDC File [c:/Users/Dadingdang/Xilinx Project/ES_design/ES_design.srcs/sources_1/ip/xadc_wiz_0/xadc_wiz_0.xdc] for cell 'xadc_wiz/inst'
Finished Parsing XDC File [c:/Users/Dadingdang/Xilinx Project/ES_design/ES_design.srcs/sources_1/ip/xadc_wiz_0/xadc_wiz_0.xdc] for cell 'xadc_wiz/inst'
Parsing XDC File [C:/Users/Dadingdang/Xilinx Project/ES_design/ES_design.srcs/constrs_1/new/EGo1.xdc]
CRITICAL WARNING: [Designutils 20-1307] Command '/////////////////////////////系统时钟和复位////////////////////////////////////' is not supported in the xdc constraint file. [C:/Users/Dadingdang/Xilinx Project/ES_design/ES_design.srcs/constrs_1/new/EGo1.xdc:1]
CRITICAL WARNING: [Designutils 20-1307] Command '/////////////////////////////串口/////////////////////////////////////////////' is not supported in the xdc constraint file. [C:/Users/Dadingdang/Xilinx Project/ES_design/ES_design.srcs/constrs_1/new/EGo1.xdc:5]
WARNING: [Vivado 12-584] No ports matched 'PC_Uart_rxd'. [C:/Users/Dadingdang/Xilinx Project/ES_design/ES_design.srcs/constrs_1/new/EGo1.xdc:6]
CRITICAL WARNING: [Common 17-55] 'set_property' expects at least one object. [C:/Users/Dadingdang/Xilinx Project/ES_design/ES_design.srcs/constrs_1/new/EGo1.xdc:6]
Resolution: If [get_<value>] was used to populate the object, check to make sure this command returns at least one valid object.
WARNING: [Vivado 12-584] No ports matched 'PC_Uart_txd'. [C:/Users/Dadingdang/Xilinx Project/ES_design/ES_design.srcs/constrs_1/new/EGo1.xdc:7]
CRITICAL WARNING: [Common 17-55] 'set_property' expects at least one object. [C:/Users/Dadingdang/Xilinx Project/ES_design/ES_design.srcs/constrs_1/new/EGo1.xdc:7]
Resolution: If [get_<value>] was used to populate the object, check to make sure this command returns at least one valid object.
CRITICAL WARNING: [Designutils 20-1307] Command '////////////////////////////////蓝牙///////////////////////////////////////////' is not supported in the xdc constraint file. [C:/Users/Dadingdang/Xilinx Project/ES_design/ES_design.srcs/constrs_1/new/EGo1.xdc:9]
WARNING: [Vivado 12-584] No ports matched 'BT_Uart_rxd'. [C:/Users/Dadingdang/Xilinx Project/ES_design/ES_design.srcs/constrs_1/new/EGo1.xdc:10]
CRITICAL WARNING: [Common 17-55] 'set_property' expects at least one object. [C:/Users/Dadingdang/Xilinx Project/ES_design/ES_design.srcs/constrs_1/new/EGo1.xdc:10]
Resolution: If [get_<value>] was used to populate the object, check to make sure this command returns at least one valid object.
WARNING: [Vivado 12-584] No ports matched 'BT_Uart_txd'. [C:/Users/Dadingdang/Xilinx Project/ES_design/ES_design.srcs/constrs_1/new/EGo1.xdc:11]
CRITICAL WARNING: [Common 17-55] 'set_property' expects at least one object. [C:/Users/Dadingdang/Xilinx Project/ES_design/ES_design.srcs/constrs_1/new/EGo1.xdc:11]
Resolution: If [get_<value>] was used to populate the object, check to make sure this command returns at least one valid object.
WARNING: [Vivado 12-584] No ports matched 'bt_ctrl_o[0]'. [C:/Users/Dadingdang/Xilinx Project/ES_design/ES_design.srcs/constrs_1/new/EGo1.xdc:13]
CRITICAL WARNING: [Common 17-55] 'set_property' expects at least one object. [C:/Users/Dadingdang/Xilinx Project/ES_design/ES_design.srcs/constrs_1/new/EGo1.xdc:13]
Resolution: If [get_<value>] was used to populate the object, check to make sure this command returns at least one valid object.
WARNING: [Vivado 12-584] No ports matched 'bt_ctrl_o[1]'. [C:/Users/Dadingdang/Xilinx Project/ES_design/ES_design.srcs/constrs_1/new/EGo1.xdc:14]
CRITICAL WARNING: [Common 17-55] 'set_property' expects at least one object. [C:/Users/Dadingdang/Xilinx Project/ES_design/ES_design.srcs/constrs_1/new/EGo1.xdc:14]
Resolution: If [get_<value>] was used to populate the object, check to make sure this command returns at least one valid object.
WARNING: [Vivado 12-584] No ports matched 'bt_ctrl_o[2]'. [C:/Users/Dadingdang/Xilinx Project/ES_design/ES_design.srcs/constrs_1/new/EGo1.xdc:15]
CRITICAL WARNING: [Common 17-55] 'set_property' expects at least one object. [C:/Users/Dadingdang/Xilinx Project/ES_design/ES_design.srcs/constrs_1/new/EGo1.xdc:15]
Resolution: If [get_<value>] was used to populate the object, check to make sure this command returns at least one valid object.
WARNING: [Vivado 12-584] No ports matched 'bt_ctrl_o[3]'. [C:/Users/Dadingdang/Xilinx Project/ES_design/ES_design.srcs/constrs_1/new/EGo1.xdc:16]
CRITICAL WARNING: [Common 17-55] 'set_property' expects at least one object. [C:/Users/Dadingdang/Xilinx Project/ES_design/ES_design.srcs/constrs_1/new/EGo1.xdc:16]
Resolution: If [get_<value>] was used to populate the object, check to make sure this command returns at least one valid object.
WARNING: [Vivado 12-584] No ports matched 'bt_ctrl_o[4]'. [C:/Users/Dadingdang/Xilinx Project/ES_design/ES_design.srcs/constrs_1/new/EGo1.xdc:17]
CRITICAL WARNING: [Common 17-55] 'set_property' expects at least one object. [C:/Users/Dadingdang/Xilinx Project/ES_design/ES_design.srcs/constrs_1/new/EGo1.xdc:17]
Resolution: If [get_<value>] was used to populate the object, check to make sure this command returns at least one valid object.
WARNING: [Vivado 12-584] No ports matched 'bt_mcu_int_i'. [C:/Users/Dadingdang/Xilinx Project/ES_design/ES_design.srcs/constrs_1/new/EGo1.xdc:19]
CRITICAL WARNING: [Common 17-55] 'set_property' expects at least one object. [C:/Users/Dadingdang/Xilinx Project/ES_design/ES_design.srcs/constrs_1/new/EGo1.xdc:19]
Resolution: If [get_<value>] was used to populate the object, check to make sure this command returns at least one valid object.
CRITICAL WARNING: [Designutils 20-1307] Command '///////////////////////////////音频接口////////////////////////////////////////' is not supported in the xdc constraint file. [C:/Users/Dadingdang/Xilinx Project/ES_design/ES_design.srcs/constrs_1/new/EGo1.xdc:21]
WARNING: [Vivado 12-584] No ports matched 'audio_pwm_o'. [C:/Users/Dadingdang/Xilinx Project/ES_design/ES_design.srcs/constrs_1/new/EGo1.xdc:22]
CRITICAL WARNING: [Common 17-55] 'set_property' expects at least one object. [C:/Users/Dadingdang/Xilinx Project/ES_design/ES_design.srcs/constrs_1/new/EGo1.xdc:22]
Resolution: If [get_<value>] was used to populate the object, check to make sure this command returns at least one valid object.
WARNING: [Vivado 12-584] No ports matched 'audio_sd_o'. [C:/Users/Dadingdang/Xilinx Project/ES_design/ES_design.srcs/constrs_1/new/EGo1.xdc:23]
CRITICAL WARNING: [Common 17-55] 'set_property' expects at least one object. [C:/Users/Dadingdang/Xilinx Project/ES_design/ES_design.srcs/constrs_1/new/EGo1.xdc:23]
Resolution: If [get_<value>] was used to populate the object, check to make sure this command returns at least one valid object.
CRITICAL WARNING: [Designutils 20-1307] Command '//////////////////////////////////iic////////////////////////////////////////////' is not supported in the xdc constraint file. [C:/Users/Dadingdang/Xilinx Project/ES_design/ES_design.srcs/constrs_1/new/EGo1.xdc:25]
WARNING: [Vivado 12-584] No ports matched 'pw_iic_scl_io'. [C:/Users/Dadingdang/Xilinx Project/ES_design/ES_design.srcs/constrs_1/new/EGo1.xdc:26]
CRITICAL WARNING: [Common 17-55] 'set_property' expects at least one object. [C:/Users/Dadingdang/Xilinx Project/ES_design/ES_design.srcs/constrs_1/new/EGo1.xdc:26]
Resolution: If [get_<value>] was used to populate the object, check to make sure this command returns at least one valid object.
WARNING: [Vivado 12-584] No ports matched 'pw_iic_sda_io'. [C:/Users/Dadingdang/Xilinx Project/ES_design/ES_design.srcs/constrs_1/new/EGo1.xdc:27]
CRITICAL WARNING: [Common 17-55] 'set_property' expects at least one object. [C:/Users/Dadingdang/Xilinx Project/ES_design/ES_design.srcs/constrs_1/new/EGo1.xdc:27]
Resolution: If [get_<value>] was used to populate the object, check to make sure this command returns at least one valid object.
CRITICAL WARNING: [Designutils 20-1307] Command '//////////////////////////////////XADC模数转换///////////////////////////////////' is not supported in the xdc constraint file. [C:/Users/Dadingdang/Xilinx Project/ES_design/ES_design.srcs/constrs_1/new/EGo1.xdc:29]
WARNING: [Vivado 12-584] No ports matched 'XADC_VP_VN_v_n'. [C:/Users/Dadingdang/Xilinx Project/ES_design/ES_design.srcs/constrs_1/new/EGo1.xdc:32]
CRITICAL WARNING: [Common 17-55] 'set_property' expects at least one object. [C:/Users/Dadingdang/Xilinx Project/ES_design/ES_design.srcs/constrs_1/new/EGo1.xdc:32]
Resolution: If [get_<value>] was used to populate the object, check to make sure this command returns at least one valid object.
WARNING: [Vivado 12-584] No ports matched 'XADC_VP_VN_v_p'. [C:/Users/Dadingdang/Xilinx Project/ES_design/ES_design.srcs/constrs_1/new/EGo1.xdc:33]
CRITICAL WARNING: [Common 17-55] 'set_property' expects at least one object. [C:/Users/Dadingdang/Xilinx Project/ES_design/ES_design.srcs/constrs_1/new/EGo1.xdc:33]
Resolution: If [get_<value>] was used to populate the object, check to make sure this command returns at least one valid object.
CRITICAL WARNING: [Designutils 20-1307] Command '/////////////////////////////////////5个按键//////////////////////////////////////' is not supported in the xdc constraint file. [C:/Users/Dadingdang/Xilinx Project/ES_design/ES_design.srcs/constrs_1/new/EGo1.xdc:35]
CRITICAL WARNING: [Designutils 20-1307] Command '///////////////////////////////////拨码开关sw0~sw7////////////////////////////////' is not supported in the xdc constraint file. [C:/Users/Dadingdang/Xilinx Project/ES_design/ES_design.srcs/constrs_1/new/EGo1.xdc:42]
CRITICAL WARNING: [Designutils 20-1307] Command '//////////////////////////////////拨码开关sw8~sw15/////////////////////////////' is not supported in the xdc constraint file. [C:/Users/Dadingdang/Xilinx Project/ES_design/ES_design.srcs/constrs_1/new/EGo1.xdc:52]
CRITICAL WARNING: [Designutils 20-1307] Command '//////////////////////////////////////LED0~LED15////////////////////////////////' is not supported in the xdc constraint file. [C:/Users/Dadingdang/Xilinx Project/ES_design/ES_design.srcs/constrs_1/new/EGo1.xdc:63]
CRITICAL WARNING: [Designutils 20-1307] Command '///////////////////////////////8个数码管位选信号/////////////////////////////////' is not supported in the xdc constraint file. [C:/Users/Dadingdang/Xilinx Project/ES_design/ES_design.srcs/constrs_1/new/EGo1.xdc:82]
CRITICAL WARNING: [Designutils 20-1307] Command '///////////////////////////////////数码管段选信号//////////////////////////////////' is not supported in the xdc constraint file. [C:/Users/Dadingdang/Xilinx Project/ES_design/ES_design.srcs/constrs_1/new/EGo1.xdc:92]
CRITICAL WARNING: [Designutils 20-1307] Command '////////////////////////////////////VGA行同步场同步信号///////////////////////////////' is not supported in the xdc constraint file. [C:/Users/Dadingdang/Xilinx Project/ES_design/ES_design.srcs/constrs_1/new/EGo1.xdc:111]
WARNING: [Vivado 12-584] No ports matched 'vga_hs_pin'. [C:/Users/Dadingdang/Xilinx Project/ES_design/ES_design.srcs/constrs_1/new/EGo1.xdc:112]
CRITICAL WARNING: [Common 17-55] 'set_property' expects at least one object. [C:/Users/Dadingdang/Xilinx Project/ES_design/ES_design.srcs/constrs_1/new/EGo1.xdc:112]
Resolution: If [get_<value>] was used to populate the object, check to make sure this command returns at least one valid object.
WARNING: [Vivado 12-584] No ports matched 'vga_vs_pin'. [C:/Users/Dadingdang/Xilinx Project/ES_design/ES_design.srcs/constrs_1/new/EGo1.xdc:113]
CRITICAL WARNING: [Common 17-55] 'set_property' expects at least one object. [C:/Users/Dadingdang/Xilinx Project/ES_design/ES_design.srcs/constrs_1/new/EGo1.xdc:113]
Resolution: If [get_<value>] was used to populate the object, check to make sure this command returns at least one valid object.
CRITICAL WARNING: [Designutils 20-1307] Command '///////////////////////////////////////VGA红绿蓝信号//////////////////////////////////' is not supported in the xdc constraint file. [C:/Users/Dadingdang/Xilinx Project/ES_design/ES_design.srcs/constrs_1/new/EGo1.xdc:115]
WARNING: [Vivado 12-584] No ports matched 'vga_data_pin[0]'. [C:/Users/Dadingdang/Xilinx Project/ES_design/ES_design.srcs/constrs_1/new/EGo1.xdc:116]
CRITICAL WARNING: [Common 17-55] 'set_property' expects at least one object. [C:/Users/Dadingdang/Xilinx Project/ES_design/ES_design.srcs/constrs_1/new/EGo1.xdc:116]
Resolution: If [get_<value>] was used to populate the object, check to make sure this command returns at least one valid object.
WARNING: [Vivado 12-584] No ports matched 'vga_data_pin[1]'. [C:/Users/Dadingdang/Xilinx Project/ES_design/ES_design.srcs/constrs_1/new/EGo1.xdc:117]
CRITICAL WARNING: [Common 17-55] 'set_property' expects at least one object. [C:/Users/Dadingdang/Xilinx Project/ES_design/ES_design.srcs/constrs_1/new/EGo1.xdc:117]
Resolution: If [get_<value>] was used to populate the object, check to make sure this command returns at least one valid object.
WARNING: [Vivado 12-584] No ports matched 'vga_data_pin[2]'. [C:/Users/Dadingdang/Xilinx Project/ES_design/ES_design.srcs/constrs_1/new/EGo1.xdc:118]
CRITICAL WARNING: [Common 17-55] 'set_property' expects at least one object. [C:/Users/Dadingdang/Xilinx Project/ES_design/ES_design.srcs/constrs_1/new/EGo1.xdc:118]
Resolution: If [get_<value>] was used to populate the object, check to make sure this command returns at least one valid object.
WARNING: [Vivado 12-584] No ports matched 'vga_data_pin[3]'. [C:/Users/Dadingdang/Xilinx Project/ES_design/ES_design.srcs/constrs_1/new/EGo1.xdc:119]
CRITICAL WARNING: [Common 17-55] 'set_property' expects at least one object. [C:/Users/Dadingdang/Xilinx Project/ES_design/ES_design.srcs/constrs_1/new/EGo1.xdc:119]
Resolution: If [get_<value>] was used to populate the object, check to make sure this command returns at least one valid object.
WARNING: [Vivado 12-584] No ports matched 'vga_data_pin[4]'. [C:/Users/Dadingdang/Xilinx Project/ES_design/ES_design.srcs/constrs_1/new/EGo1.xdc:120]
CRITICAL WARNING: [Common 17-55] 'set_property' expects at least one object. [C:/Users/Dadingdang/Xilinx Project/ES_design/ES_design.srcs/constrs_1/new/EGo1.xdc:120]
Resolution: If [get_<value>] was used to populate the object, check to make sure this command returns at least one valid object.
WARNING: [Vivado 12-584] No ports matched 'vga_data_pin[5]'. [C:/Users/Dadingdang/Xilinx Project/ES_design/ES_design.srcs/constrs_1/new/EGo1.xdc:121]
CRITICAL WARNING: [Common 17-55] 'set_property' expects at least one object. [C:/Users/Dadingdang/Xilinx Project/ES_design/ES_design.srcs/constrs_1/new/EGo1.xdc:121]
Resolution: If [get_<value>] was used to populate the object, check to make sure this command returns at least one valid object.
WARNING: [Vivado 12-584] No ports matched 'vga_data_pin[6]'. [C:/Users/Dadingdang/Xilinx Project/ES_design/ES_design.srcs/constrs_1/new/EGo1.xdc:122]
CRITICAL WARNING: [Common 17-55] 'set_property' expects at least one object. [C:/Users/Dadingdang/Xilinx Project/ES_design/ES_design.srcs/constrs_1/new/EGo1.xdc:122]
Resolution: If [get_<value>] was used to populate the object, check to make sure this command returns at least one valid object.
WARNING: [Vivado 12-584] No ports matched 'vga_data_pin[7]'. [C:/Users/Dadingdang/Xilinx Project/ES_design/ES_design.srcs/constrs_1/new/EGo1.xdc:123]
CRITICAL WARNING: [Common 17-55] 'set_property' expects at least one object. [C:/Users/Dadingdang/Xilinx Project/ES_design/ES_design.srcs/constrs_1/new/EGo1.xdc:123]
Resolution: If [get_<value>] was used to populate the object, check to make sure this command returns at least one valid object.
WARNING: [Vivado 12-584] No ports matched 'vga_data_pin[8]'. [C:/Users/Dadingdang/Xilinx Project/ES_design/ES_design.srcs/constrs_1/new/EGo1.xdc:124]
CRITICAL WARNING: [Common 17-55] 'set_property' expects at least one object. [C:/Users/Dadingdang/Xilinx Project/ES_design/ES_design.srcs/constrs_1/new/EGo1.xdc:124]
Resolution: If [get_<value>] was used to populate the object, check to make sure this command returns at least one valid object.
WARNING: [Vivado 12-584] No ports matched 'vga_data_pin[9]'. [C:/Users/Dadingdang/Xilinx Project/ES_design/ES_design.srcs/constrs_1/new/EGo1.xdc:125]
CRITICAL WARNING: [Common 17-55] 'set_property' expects at least one object. [C:/Users/Dadingdang/Xilinx Project/ES_design/ES_design.srcs/constrs_1/new/EGo1.xdc:125]
Resolution: If [get_<value>] was used to populate the object, check to make sure this command returns at least one valid object.
WARNING: [Vivado 12-584] No ports matched 'vga_data_pin[10]'. [C:/Users/Dadingdang/Xilinx Project/ES_design/ES_design.srcs/constrs_1/new/EGo1.xdc:126]
CRITICAL WARNING: [Common 17-55] 'set_property' expects at least one object. [C:/Users/Dadingdang/Xilinx Project/ES_design/ES_design.srcs/constrs_1/new/EGo1.xdc:126]
Resolution: If [get_<value>] was used to populate the object, check to make sure this command returns at least one valid object.
WARNING: [Vivado 12-584] No ports matched 'vga_data_pin[11]'. [C:/Users/Dadingdang/Xilinx Project/ES_design/ES_design.srcs/constrs_1/new/EGo1.xdc:127]
CRITICAL WARNING: [Common 17-55] 'set_property' expects at least one object. [C:/Users/Dadingdang/Xilinx Project/ES_design/ES_design.srcs/constrs_1/new/EGo1.xdc:127]
Resolution: If [get_<value>] was used to populate the object, check to make sure this command returns at least one valid object.
CRITICAL WARNING: [Designutils 20-1307] Command '/////////////////////////////////////////DAC数模转换//////////////////////////////////' is not supported in the xdc constraint file. [C:/Users/Dadingdang/Xilinx Project/ES_design/ES_design.srcs/constrs_1/new/EGo1.xdc:129]
CRITICAL WARNING: [Designutils 20-1307] Command '////////////////////////////////////////PS2/////////////////////////////////////' is not supported in the xdc constraint file. [C:/Users/Dadingdang/Xilinx Project/ES_design/ES_design.srcs/constrs_1/new/EGo1.xdc:145]
WARNING: [Vivado 12-584] No ports matched 'ps2_clk'. [C:/Users/Dadingdang/Xilinx Project/ES_design/ES_design.srcs/constrs_1/new/EGo1.xdc:146]
CRITICAL WARNING: [Common 17-55] 'set_property' expects at least one object. [C:/Users/Dadingdang/Xilinx Project/ES_design/ES_design.srcs/constrs_1/new/EGo1.xdc:146]
Resolution: If [get_<value>] was used to populate the object, check to make sure this command returns at least one valid object.
WARNING: [Vivado 12-584] No ports matched 'ps2_data'. [C:/Users/Dadingdang/Xilinx Project/ES_design/ES_design.srcs/constrs_1/new/EGo1.xdc:147]
CRITICAL WARNING: [Common 17-55] 'set_property' expects at least one object. [C:/Users/Dadingdang/Xilinx Project/ES_design/ES_design.srcs/constrs_1/new/EGo1.xdc:147]
Resolution: If [get_<value>] was used to populate the object, check to make sure this command returns at least one valid object.
CRITICAL WARNING: [Designutils 20-1307] Command '/////////////////////////////////////////SDRAM//////////////////////////////////////' is not supported in the xdc constraint file. [C:/Users/Dadingdang/Xilinx Project/ES_design/ES_design.srcs/constrs_1/new/EGo1.xdc:150]
WARNING: [Vivado 12-584] No ports matched 'sram_addr[18]'. [C:/Users/Dadingdang/Xilinx Project/ES_design/ES_design.srcs/constrs_1/new/EGo1.xdc:151]
CRITICAL WARNING: [Common 17-55] 'set_property' expects at least one object. [C:/Users/Dadingdang/Xilinx Project/ES_design/ES_design.srcs/constrs_1/new/EGo1.xdc:151]
Resolution: If [get_<value>] was used to populate the object, check to make sure this command returns at least one valid object.
WARNING: [Vivado 12-584] No ports matched 'sram_addr[17]'. [C:/Users/Dadingdang/Xilinx Project/ES_design/ES_design.srcs/constrs_1/new/EGo1.xdc:152]
CRITICAL WARNING: [Common 17-55] 'set_property' expects at least one object. [C:/Users/Dadingdang/Xilinx Project/ES_design/ES_design.srcs/constrs_1/new/EGo1.xdc:152]
Resolution: If [get_<value>] was used to populate the object, check to make sure this command returns at least one valid object.
WARNING: [Vivado 12-584] No ports matched 'sram_addr[16]'. [C:/Users/Dadingdang/Xilinx Project/ES_design/ES_design.srcs/constrs_1/new/EGo1.xdc:153]
CRITICAL WARNING: [Common 17-55] 'set_property' expects at least one object. [C:/Users/Dadingdang/Xilinx Project/ES_design/ES_design.srcs/constrs_1/new/EGo1.xdc:153]
Resolution: If [get_<value>] was used to populate the object, check to make sure this command returns at least one valid object.
WARNING: [Vivado 12-584] No ports matched 'sram_addr[15]'. [C:/Users/Dadingdang/Xilinx Project/ES_design/ES_design.srcs/constrs_1/new/EGo1.xdc:154]
CRITICAL WARNING: [Common 17-55] 'set_property' expects at least one object. [C:/Users/Dadingdang/Xilinx Project/ES_design/ES_design.srcs/constrs_1/new/EGo1.xdc:154]
Resolution: If [get_<value>] was used to populate the object, check to make sure this command returns at least one valid object.
WARNING: [Vivado 12-584] No ports matched 'sram_addr[14]'. [C:/Users/Dadingdang/Xilinx Project/ES_design/ES_design.srcs/constrs_1/new/EGo1.xdc:155]
CRITICAL WARNING: [Common 17-55] 'set_property' expects at least one object. [C:/Users/Dadingdang/Xilinx Project/ES_design/ES_design.srcs/constrs_1/new/EGo1.xdc:155]
Resolution: If [get_<value>] was used to populate the object, check to make sure this command returns at least one valid object.
WARNING: [Vivado 12-584] No ports matched 'sram_addr[13]'. [C:/Users/Dadingdang/Xilinx Project/ES_design/ES_design.srcs/constrs_1/new/EGo1.xdc:156]
CRITICAL WARNING: [Common 17-55] 'set_property' expects at least one object. [C:/Users/Dadingdang/Xilinx Project/ES_design/ES_design.srcs/constrs_1/new/EGo1.xdc:156]
Resolution: If [get_<value>] was used to populate the object, check to make sure this command returns at least one valid object.
WARNING: [Vivado 12-584] No ports matched 'sram_addr[12]'. [C:/Users/Dadingdang/Xilinx Project/ES_design/ES_design.srcs/constrs_1/new/EGo1.xdc:157]
CRITICAL WARNING: [Common 17-55] 'set_property' expects at least one object. [C:/Users/Dadingdang/Xilinx Project/ES_design/ES_design.srcs/constrs_1/new/EGo1.xdc:157]
Resolution: If [get_<value>] was used to populate the object, check to make sure this command returns at least one valid object.
WARNING: [Vivado 12-584] No ports matched 'sram_addr[11]'. [C:/Users/Dadingdang/Xilinx Project/ES_design/ES_design.srcs/constrs_1/new/EGo1.xdc:158]
CRITICAL WARNING: [Common 17-55] 'set_property' expects at least one object. [C:/Users/Dadingdang/Xilinx Project/ES_design/ES_design.srcs/constrs_1/new/EGo1.xdc:158]
Resolution: If [get_<value>] was used to populate the object, check to make sure this command returns at least one valid object.
WARNING: [Vivado 12-584] No ports matched 'sram_addr[10]'. [C:/Users/Dadingdang/Xilinx Project/ES_design/ES_design.srcs/constrs_1/new/EGo1.xdc:159]
CRITICAL WARNING: [Common 17-55] 'set_property' expects at least one object. [C:/Users/Dadingdang/Xilinx Project/ES_design/ES_design.srcs/constrs_1/new/EGo1.xdc:159]
Resolution: If [get_<value>] was used to populate the object, check to make sure this command returns at least one valid object.
WARNING: [Vivado 12-584] No ports matched 'sram_addr[9]'. [C:/Users/Dadingdang/Xilinx Project/ES_design/ES_design.srcs/constrs_1/new/EGo1.xdc:160]
CRITICAL WARNING: [Common 17-55] 'set_property' expects at least one object. [C:/Users/Dadingdang/Xilinx Project/ES_design/ES_design.srcs/constrs_1/new/EGo1.xdc:160]
Resolution: If [get_<value>] was used to populate the object, check to make sure this command returns at least one valid object.
WARNING: [Vivado 12-584] No ports matched 'sram_addr[8]'. [C:/Users/Dadingdang/Xilinx Project/ES_design/ES_design.srcs/constrs_1/new/EGo1.xdc:161]
CRITICAL WARNING: [Common 17-55] 'set_property' expects at least one object. [C:/Users/Dadingdang/Xilinx Project/ES_design/ES_design.srcs/constrs_1/new/EGo1.xdc:161]
Resolution: If [get_<value>] was used to populate the object, check to make sure this command returns at least one valid object.
WARNING: [Vivado 12-584] No ports matched 'sram_addr[7]'. [C:/Users/Dadingdang/Xilinx Project/ES_design/ES_design.srcs/constrs_1/new/EGo1.xdc:162]
CRITICAL WARNING: [Common 17-55] 'set_property' expects at least one object. [C:/Users/Dadingdang/Xilinx Project/ES_design/ES_design.srcs/constrs_1/new/EGo1.xdc:162]
Resolution: If [get_<value>] was used to populate the object, check to make sure this command returns at least one valid object.
WARNING: [Vivado 12-584] No ports matched 'sram_addr[6]'. [C:/Users/Dadingdang/Xilinx Project/ES_design/ES_design.srcs/constrs_1/new/EGo1.xdc:163]
CRITICAL WARNING: [Common 17-55] 'set_property' expects at least one object. [C:/Users/Dadingdang/Xilinx Project/ES_design/ES_design.srcs/constrs_1/new/EGo1.xdc:163]
Resolution: If [get_<value>] was used to populate the object, check to make sure this command returns at least one valid object.
WARNING: [Vivado 12-584] No ports matched 'sram_addr[5]'. [C:/Users/Dadingdang/Xilinx Project/ES_design/ES_design.srcs/constrs_1/new/EGo1.xdc:164]
CRITICAL WARNING: [Common 17-55] 'set_property' expects at least one object. [C:/Users/Dadingdang/Xilinx Project/ES_design/ES_design.srcs/constrs_1/new/EGo1.xdc:164]
Resolution: If [get_<value>] was used to populate the object, check to make sure this command returns at least one valid object.
WARNING: [Vivado 12-584] No ports matched 'sram_addr[4]'. [C:/Users/Dadingdang/Xilinx Project/ES_design/ES_design.srcs/constrs_1/new/EGo1.xdc:165]
CRITICAL WARNING: [Common 17-55] 'set_property' expects at least one object. [C:/Users/Dadingdang/Xilinx Project/ES_design/ES_design.srcs/constrs_1/new/EGo1.xdc:165]
Resolution: If [get_<value>] was used to populate the object, check to make sure this command returns at least one valid object.
WARNING: [Vivado 12-584] No ports matched 'sram_addr[3]'. [C:/Users/Dadingdang/Xilinx Project/ES_design/ES_design.srcs/constrs_1/new/EGo1.xdc:166]
CRITICAL WARNING: [Common 17-55] 'set_property' expects at least one object. [C:/Users/Dadingdang/Xilinx Project/ES_design/ES_design.srcs/constrs_1/new/EGo1.xdc:166]
Resolution: If [get_<value>] was used to populate the object, check to make sure this command returns at least one valid object.
WARNING: [Vivado 12-584] No ports matched 'sram_addr[2]'. [C:/Users/Dadingdang/Xilinx Project/ES_design/ES_design.srcs/constrs_1/new/EGo1.xdc:167]
CRITICAL WARNING: [Common 17-55] 'set_property' expects at least one object. [C:/Users/Dadingdang/Xilinx Project/ES_design/ES_design.srcs/constrs_1/new/EGo1.xdc:167]
Resolution: If [get_<value>] was used to populate the object, check to make sure this command returns at least one valid object.
WARNING: [Vivado 12-584] No ports matched 'sram_addr[1]'. [C:/Users/Dadingdang/Xilinx Project/ES_design/ES_design.srcs/constrs_1/new/EGo1.xdc:168]
CRITICAL WARNING: [Common 17-55] 'set_property' expects at least one object. [C:/Users/Dadingdang/Xilinx Project/ES_design/ES_design.srcs/constrs_1/new/EGo1.xdc:168]
Resolution: If [get_<value>] was used to populate the object, check to make sure this command returns at least one valid object.
WARNING: [Vivado 12-584] No ports matched 'sram_addr[0]'. [C:/Users/Dadingdang/Xilinx Project/ES_design/ES_design.srcs/constrs_1/new/EGo1.xdc:169]
CRITICAL WARNING: [Common 17-55] 'set_property' expects at least one object. [C:/Users/Dadingdang/Xilinx Project/ES_design/ES_design.srcs/constrs_1/new/EGo1.xdc:169]
Resolution: If [get_<value>] was used to populate the object, check to make sure this command returns at least one valid object.
WARNING: [Vivado 12-584] No ports matched 'sram_ce_n'. [C:/Users/Dadingdang/Xilinx Project/ES_design/ES_design.srcs/constrs_1/new/EGo1.xdc:171]
CRITICAL WARNING: [Common 17-55] 'set_property' expects at least one object. [C:/Users/Dadingdang/Xilinx Project/ES_design/ES_design.srcs/constrs_1/new/EGo1.xdc:171]
Resolution: If [get_<value>] was used to populate the object, check to make sure this command returns at least one valid object.
WARNING: [Vivado 12-584] No ports matched 'sram_lb_n'. [C:/Users/Dadingdang/Xilinx Project/ES_design/ES_design.srcs/constrs_1/new/EGo1.xdc:172]
CRITICAL WARNING: [Common 17-55] 'set_property' expects at least one object. [C:/Users/Dadingdang/Xilinx Project/ES_design/ES_design.srcs/constrs_1/new/EGo1.xdc:172]
Resolution: If [get_<value>] was used to populate the object, check to make sure this command returns at least one valid object.
WARNING: [Vivado 12-584] No ports matched 'sram_oe_n'. [C:/Users/Dadingdang/Xilinx Project/ES_design/ES_design.srcs/constrs_1/new/EGo1.xdc:173]
CRITICAL WARNING: [Common 17-55] 'set_property' expects at least one object. [C:/Users/Dadingdang/Xilinx Project/ES_design/ES_design.srcs/constrs_1/new/EGo1.xdc:173]
Resolution: If [get_<value>] was used to populate the object, check to make sure this command returns at least one valid object.
WARNING: [Vivado 12-584] No ports matched 'sram_ub_n'. [C:/Users/Dadingdang/Xilinx Project/ES_design/ES_design.srcs/constrs_1/new/EGo1.xdc:174]
CRITICAL WARNING: [Common 17-55] 'set_property' expects at least one object. [C:/Users/Dadingdang/Xilinx Project/ES_design/ES_design.srcs/constrs_1/new/EGo1.xdc:174]
Resolution: If [get_<value>] was used to populate the object, check to make sure this command returns at least one valid object.
WARNING: [Vivado 12-584] No ports matched 'sram_we_n'. [C:/Users/Dadingdang/Xilinx Project/ES_design/ES_design.srcs/constrs_1/new/EGo1.xdc:175]
CRITICAL WARNING: [Common 17-55] 'set_property' expects at least one object. [C:/Users/Dadingdang/Xilinx Project/ES_design/ES_design.srcs/constrs_1/new/EGo1.xdc:175]
Resolution: If [get_<value>] was used to populate the object, check to make sure this command returns at least one valid object.
WARNING: [Vivado 12-584] No ports matched 'sram_data[15]'. [C:/Users/Dadingdang/Xilinx Project/ES_design/ES_design.srcs/constrs_1/new/EGo1.xdc:177]
CRITICAL WARNING: [Common 17-55] 'set_property' expects at least one object. [C:/Users/Dadingdang/Xilinx Project/ES_design/ES_design.srcs/constrs_1/new/EGo1.xdc:177]
Resolution: If [get_<value>] was used to populate the object, check to make sure this command returns at least one valid object.
WARNING: [Vivado 12-584] No ports matched 'sram_data[14]'. [C:/Users/Dadingdang/Xilinx Project/ES_design/ES_design.srcs/constrs_1/new/EGo1.xdc:178]
CRITICAL WARNING: [Common 17-55] 'set_property' expects at least one object. [C:/Users/Dadingdang/Xilinx Project/ES_design/ES_design.srcs/constrs_1/new/EGo1.xdc:178]
Resolution: If [get_<value>] was used to populate the object, check to make sure this command returns at least one valid object.
WARNING: [Vivado 12-584] No ports matched 'sram_data[13]'. [C:/Users/Dadingdang/Xilinx Project/ES_design/ES_design.srcs/constrs_1/new/EGo1.xdc:179]
CRITICAL WARNING: [Common 17-55] 'set_property' expects at least one object. [C:/Users/Dadingdang/Xilinx Project/ES_design/ES_design.srcs/constrs_1/new/EGo1.xdc:179]
Resolution: If [get_<value>] was used to populate the object, check to make sure this command returns at least one valid object.
WARNING: [Vivado 12-584] No ports matched 'sram_data[12]'. [C:/Users/Dadingdang/Xilinx Project/ES_design/ES_design.srcs/constrs_1/new/EGo1.xdc:180]
CRITICAL WARNING: [Common 17-55] 'set_property' expects at least one object. [C:/Users/Dadingdang/Xilinx Project/ES_design/ES_design.srcs/constrs_1/new/EGo1.xdc:180]
Resolution: If [get_<value>] was used to populate the object, check to make sure this command returns at least one valid object.
WARNING: [Vivado 12-584] No ports matched 'sram_data[11]'. [C:/Users/Dadingdang/Xilinx Project/ES_design/ES_design.srcs/constrs_1/new/EGo1.xdc:181]
CRITICAL WARNING: [Common 17-55] 'set_property' expects at least one object. [C:/Users/Dadingdang/Xilinx Project/ES_design/ES_design.srcs/constrs_1/new/EGo1.xdc:181]
Resolution: If [get_<value>] was used to populate the object, check to make sure this command returns at least one valid object.
WARNING: [Vivado 12-584] No ports matched 'sram_data[10]'. [C:/Users/Dadingdang/Xilinx Project/ES_design/ES_design.srcs/constrs_1/new/EGo1.xdc:182]
CRITICAL WARNING: [Common 17-55] 'set_property' expects at least one object. [C:/Users/Dadingdang/Xilinx Project/ES_design/ES_design.srcs/constrs_1/new/EGo1.xdc:182]
Resolution: If [get_<value>] was used to populate the object, check to make sure this command returns at least one valid object.
WARNING: [Vivado 12-584] No ports matched 'sram_data[9]'. [C:/Users/Dadingdang/Xilinx Project/ES_design/ES_design.srcs/constrs_1/new/EGo1.xdc:183]
CRITICAL WARNING: [Common 17-55] 'set_property' expects at least one object. [C:/Users/Dadingdang/Xilinx Project/ES_design/ES_design.srcs/constrs_1/new/EGo1.xdc:183]
Resolution: If [get_<value>] was used to populate the object, check to make sure this command returns at least one valid object.
WARNING: [Vivado 12-584] No ports matched 'sram_data[8]'. [C:/Users/Dadingdang/Xilinx Project/ES_design/ES_design.srcs/constrs_1/new/EGo1.xdc:184]
CRITICAL WARNING: [Common 17-55] 'set_property' expects at least one object. [C:/Users/Dadingdang/Xilinx Project/ES_design/ES_design.srcs/constrs_1/new/EGo1.xdc:184]
Resolution: If [get_<value>] was used to populate the object, check to make sure this command returns at least one valid object.
WARNING: [Vivado 12-584] No ports matched 'sram_data[7]'. [C:/Users/Dadingdang/Xilinx Project/ES_design/ES_design.srcs/constrs_1/new/EGo1.xdc:185]
CRITICAL WARNING: [Common 17-55] 'set_property' expects at least one object. [C:/Users/Dadingdang/Xilinx Project/ES_design/ES_design.srcs/constrs_1/new/EGo1.xdc:185]
Resolution: If [get_<value>] was used to populate the object, check to make sure this command returns at least one valid object.
WARNING: [Vivado 12-584] No ports matched 'sram_data[6]'. [C:/Users/Dadingdang/Xilinx Project/ES_design/ES_design.srcs/constrs_1/new/EGo1.xdc:186]
CRITICAL WARNING: [Common 17-55] 'set_property' expects at least one object. [C:/Users/Dadingdang/Xilinx Project/ES_design/ES_design.srcs/constrs_1/new/EGo1.xdc:186]
Resolution: If [get_<value>] was used to populate the object, check to make sure this command returns at least one valid object.
WARNING: [Vivado 12-584] No ports matched 'sram_data[5]'. [C:/Users/Dadingdang/Xilinx Project/ES_design/ES_design.srcs/constrs_1/new/EGo1.xdc:187]
CRITICAL WARNING: [Common 17-55] 'set_property' expects at least one object. [C:/Users/Dadingdang/Xilinx Project/ES_design/ES_design.srcs/constrs_1/new/EGo1.xdc:187]
Resolution: If [get_<value>] was used to populate the object, check to make sure this command returns at least one valid object.
WARNING: [Vivado 12-584] No ports matched 'sram_data[4]'. [C:/Users/Dadingdang/Xilinx Project/ES_design/ES_design.srcs/constrs_1/new/EGo1.xdc:188]
CRITICAL WARNING: [Common 17-55] 'set_property' expects at least one object. [C:/Users/Dadingdang/Xilinx Project/ES_design/ES_design.srcs/constrs_1/new/EGo1.xdc:188]
Resolution: If [get_<value>] was used to populate the object, check to make sure this command returns at least one valid object.
WARNING: [Vivado 12-584] No ports matched 'sram_data[3]'. [C:/Users/Dadingdang/Xilinx Project/ES_design/ES_design.srcs/constrs_1/new/EGo1.xdc:189]
CRITICAL WARNING: [Common 17-55] 'set_property' expects at least one object. [C:/Users/Dadingdang/Xilinx Project/ES_design/ES_design.srcs/constrs_1/new/EGo1.xdc:189]
Resolution: If [get_<value>] was used to populate the object, check to make sure this command returns at least one valid object.
WARNING: [Vivado 12-584] No ports matched 'sram_data[2]'. [C:/Users/Dadingdang/Xilinx Project/ES_design/ES_design.srcs/constrs_1/new/EGo1.xdc:190]
CRITICAL WARNING: [Common 17-55] 'set_property' expects at least one object. [C:/Users/Dadingdang/Xilinx Project/ES_design/ES_design.srcs/constrs_1/new/EGo1.xdc:190]
Resolution: If [get_<value>] was used to populate the object, check to make sure this command returns at least one valid object.
WARNING: [Vivado 12-584] No ports matched 'sram_data[1]'. [C:/Users/Dadingdang/Xilinx Project/ES_design/ES_design.srcs/constrs_1/new/EGo1.xdc:191]
CRITICAL WARNING: [Common 17-55] 'set_property' expects at least one object. [C:/Users/Dadingdang/Xilinx Project/ES_design/ES_design.srcs/constrs_1/new/EGo1.xdc:191]
Resolution: If [get_<value>] was used to populate the object, check to make sure this command returns at least one valid object.
WARNING: [Vivado 12-584] No ports matched 'sram_data[0]'. [C:/Users/Dadingdang/Xilinx Project/ES_design/ES_design.srcs/constrs_1/new/EGo1.xdc:192]
CRITICAL WARNING: [Common 17-55] 'set_property' expects at least one object. [C:/Users/Dadingdang/Xilinx Project/ES_design/ES_design.srcs/constrs_1/new/EGo1.xdc:192]
Resolution: If [get_<value>] was used to populate the object, check to make sure this command returns at least one valid object.
CRITICAL WARNING: [Designutils 20-1307] Command '//////////////////////////////////32个pmod接口//////////////////////////////////////' is not supported in the xdc constraint file. [C:/Users/Dadingdang/Xilinx Project/ES_design/ES_design.srcs/constrs_1/new/EGo1.xdc:194]
WARNING: [Vivado 12-584] No ports matched 'exp_io[8]'. [C:/Users/Dadingdang/Xilinx Project/ES_design/ES_design.srcs/constrs_1/new/EGo1.xdc:195]
CRITICAL WARNING: [Common 17-55] 'set_property' expects at least one object. [C:/Users/Dadingdang/Xilinx Project/ES_design/ES_design.srcs/constrs_1/new/EGo1.xdc:195]
Resolution: If [get_<value>] was used to populate the object, check to make sure this command returns at least one valid object.
WARNING: [Vivado 12-584] No ports matched 'exp_io[9]'. [C:/Users/Dadingdang/Xilinx Project/ES_design/ES_design.srcs/constrs_1/new/EGo1.xdc:196]
CRITICAL WARNING: [Common 17-55] 'set_property' expects at least one object. [C:/Users/Dadingdang/Xilinx Project/ES_design/ES_design.srcs/constrs_1/new/EGo1.xdc:196]
Resolution: If [get_<value>] was used to populate the object, check to make sure this command returns at least one valid object.
WARNING: [Vivado 12-584] No ports matched 'exp_io[23]'. [C:/Users/Dadingdang/Xilinx Project/ES_design/ES_design.srcs/constrs_1/new/EGo1.xdc:198]
CRITICAL WARNING: [Common 17-55] 'set_property' expects at least one object. [C:/Users/Dadingdang/Xilinx Project/ES_design/ES_design.srcs/constrs_1/new/EGo1.xdc:198]
Resolution: If [get_<value>] was used to populate the object, check to make sure this command returns at least one valid object.
WARNING: [Vivado 12-584] No ports matched 'exp_io[24]'. [C:/Users/Dadingdang/Xilinx Project/ES_design/ES_design.srcs/constrs_1/new/EGo1.xdc:199]
CRITICAL WARNING: [Common 17-55] 'set_property' expects at least one object. [C:/Users/Dadingdang/Xilinx Project/ES_design/ES_design.srcs/constrs_1/new/EGo1.xdc:199]
Resolution: If [get_<value>] was used to populate the object, check to make sure this command returns at least one valid object.
WARNING: [Vivado 12-584] No ports matched 'exp_io[25]'. [C:/Users/Dadingdang/Xilinx Project/ES_design/ES_design.srcs/constrs_1/new/EGo1.xdc:200]
CRITICAL WARNING: [Common 17-55] 'set_property' expects at least one object. [C:/Users/Dadingdang/Xilinx Project/ES_design/ES_design.srcs/constrs_1/new/EGo1.xdc:200]
Resolution: If [get_<value>] was used to populate the object, check to make sure this command returns at least one valid object.
WARNING: [Vivado 12-584] No ports matched 'exp_io[26]'. [C:/Users/Dadingdang/Xilinx Project/ES_design/ES_design.srcs/constrs_1/new/EGo1.xdc:201]
CRITICAL WARNING: [Common 17-55] 'set_property' expects at least one object. [C:/Users/Dadingdang/Xilinx Project/ES_design/ES_design.srcs/constrs_1/new/EGo1.xdc:201]
Resolution: If [get_<value>] was used to populate the object, check to make sure this command returns at least one valid object.
CRITICAL WARNING: [Designutils 20-1307] Command '////////////////////////////////////外接AD/////////////////////////////////////////////' is not supported in the xdc constraint file. [C:/Users/Dadingdang/Xilinx Project/ES_design/ES_design.srcs/constrs_1/new/EGo1.xdc:203]
CRITICAL WARNING: [Designutils 20-1307] Command '////////////////////////////////////外接DA/////////////////////////////////////////////' is not supported in the xdc constraint file. [C:/Users/Dadingdang/Xilinx Project/ES_design/ES_design.srcs/constrs_1/new/EGo1.xdc:217]
CRITICAL WARNING: [Designutils 20-1307] Command '//set_property' is not supported in the xdc constraint file. [C:/Users/Dadingdang/Xilinx Project/ES_design/ES_design.srcs/constrs_1/new/EGo1.xdc:235]
Finished Parsing XDC File [C:/Users/Dadingdang/Xilinx Project/ES_design/ES_design.srcs/constrs_1/new/EGo1.xdc]
INFO: [Opt 31-138] Pushed 0 inverter(s) to 0 load pin(s).
Netlist sorting complete. Time (s): cpu = 00:00:00 ; elapsed = 00:00:00.006 . Memory (MB): peak = 1307.820 ; gain = 0.000
INFO: [Project 1-111] Unisim Transformation Summary:
No Unisim elements were transformed.

open_run: Time (s): cpu = 00:00:21 ; elapsed = 00:00:13 . Memory (MB): peak = 1475.688 ; gain = 465.250
launch_runs impl_1 -to_step write_bitstream -jobs 16
[Mon Oct 24 21:55:32 2022] Launched impl_1...
Run output will be captured here: C:/Users/Dadingdang/Xilinx Project/ES_design/ES_design.runs/impl_1/runme.log
open_hw
connect_hw_server
INFO: [Labtools 27-2285] Connecting to hw_server url TCP:localhost:3121
INFO: [Labtools 27-2222] Launching hw_server...
INFO: [Labtools 27-2221] Launch Output:

****** Xilinx hw_server v2019.1
  **** Build date : May 24 2019 at 15:13:31
    ** Copyright 1986-2019 Xilinx, Inc. All Rights Reserved.


open_hw_target
INFO: [Labtoolstcl 44-466] Opening hw_target localhost:3121/xilinx_tcf/Xilinx/1234-tulA
set_property PROGRAM.FILE {C:/Users/Dadingdang/Xilinx Project/ES_design/ES_design.runs/impl_1/main_progress.bit} [get_hw_devices xc7a35t_0]
current_hw_device [get_hw_devices xc7a35t_0]
refresh_hw_device -update_hw_probes false [lindex [get_hw_devices xc7a35t_0] 0]
INFO: [Labtools 27-1434] Device xc7a35t (JTAG device index = 0) is programmed with a design that has no supported debug core(s) in it.
create_hw_cfgmem -hw_device [get_hw_devices xc7a35t_0] -mem_dev [lindex [get_cfgmem_parts {is25lp080d-spi-x1_x2_x4}] 0]
set_property PROBES.FILE {} [get_hw_devices xc7a35t_0]
set_property FULL_PROBES.FILE {} [get_hw_devices xc7a35t_0]
set_property PROGRAM.FILE {C:/Users/Dadingdang/Xilinx Project/ES_design/ES_design.runs/impl_1/main_progress.bit} [get_hw_devices xc7a35t_0]
program_hw_devices [get_hw_devices xc7a35t_0]
INFO: [Labtools 27-3164] End of startup status: HIGH
refresh_hw_device [lindex [get_hw_devices xc7a35t_0] 0]
INFO: [Labtools 27-1434] Device xc7a35t (JTAG device index = 0) is programmed with a design that has no supported debug core(s) in it.
reset_run synth_1
launch_runs synth_1 -jobs 16
[Mon Oct 24 22:00:36 2022] Launched synth_1...
Run output will be captured here: C:/Users/Dadingdang/Xilinx Project/ES_design/ES_design.runs/synth_1/runme.log
reset_run synth_1
launch_runs impl_1 -jobs 16
WARNING: [Project 1-478] Design 'synth_1' is stale and will not be used when launching 'impl_1'
[Mon Oct 24 22:01:49 2022] Launched synth_1...
Run output will be captured here: C:/Users/Dadingdang/Xilinx Project/ES_design/ES_design.runs/synth_1/runme.log
[Mon Oct 24 22:01:49 2022] Launched impl_1...
Run output will be captured here: C:/Users/Dadingdang/Xilinx Project/ES_design/ES_design.runs/impl_1/runme.log
launch_runs impl_1 -to_step write_bitstream -jobs 16
[Mon Oct 24 22:04:09 2022] Launched impl_1...
Run output will be captured here: C:/Users/Dadingdang/Xilinx Project/ES_design/ES_design.runs/impl_1/runme.log
set_property PROBES.FILE {} [get_hw_devices xc7a35t_0]
set_property FULL_PROBES.FILE {} [get_hw_devices xc7a35t_0]
set_property PROGRAM.FILE {C:/Users/Dadingdang/Xilinx Project/ES_design/ES_design.runs/impl_1/main_progress.bit} [get_hw_devices xc7a35t_0]
program_hw_devices [get_hw_devices xc7a35t_0]
INFO: [Labtools 27-3164] End of startup status: HIGH
refresh_hw_device [lindex [get_hw_devices xc7a35t_0] 0]
INFO: [Labtools 27-1434] Device xc7a35t (JTAG device index = 0) is programmed with a design that has no supported debug core(s) in it.
ERROR: [Labtoolstcl 44-513] HW Target shutdown. Closing target: localhost:3121/xilinx_tcf/Xilinx/1234-tulA
INFO: [Labtoolstcl 44-466] Opening hw_target localhost:3121/xilinx_tcf/Xilinx/1234-tulA
INFO: [Labtools 27-1434] Device xc7a35t (JTAG device index = 0) is programmed with a design that has no supported debug core(s) in it.
WARNING: [Labtoolstcl 44-129] No matching hw_ila_data was found.
ERROR: [Labtoolstcl 44-513] HW Target shutdown. Closing target: localhost:3121/xilinx_tcf/Xilinx/1234-tulA
exit
INFO: [Common 17-206] Exiting Vivado at Tue Oct 25 00:52:42 2022...
